<?xml version="1.0" encoding="UTF-8"?>
<robot generator="Robot 7.4.2 (Python 3.13.0 on win32)" generated="2026-04-29T11:09:08.812831" rpa="false" schemaversion="5">
<suite id="s1" name="Autenticacion Basica" source="Z:\Python Visual Studio Code\ProyectoSegundaUnidad_252444_252390_252449_258272_253298\Tests\autenticacion_basica.robot">
<test id="s1-t1" name="Autenticacion_Exitosa" line="7">
<kw name="Go_To_Authenticated_Website" owner="keywords">
<kw name="Open Browser" owner="SeleniumLibrary">
<msg time="2026-04-29T11:09:09.334344" level="INFO">Opening browser 'chrome' to base url 'https://admin:admin@the-internet.herokuapp.com/basic_auth'.</msg>
<arg>https://${user}:${password}@${base_url}</arg>
<arg>${browser}</arg>
<doc>Opens a new browser instance to the optional ``url``.</doc>
<status status="PASS" start="2026-04-29T11:09:09.333979" elapsed="6.407335"/>
</kw>
<kw name="Maximize Browser Window" owner="SeleniumLibrary">
<doc>Maximizes current browser window.</doc>
<status status="PASS" start="2026-04-29T11:09:15.741589" elapsed="0.096005"/>
</kw>
<arg>admin</arg>
<arg>admin</arg>
<arg>the-internet.herokuapp.com/basic_auth</arg>
<status status="PASS" start="2026-04-29T11:09:09.332450" elapsed="6.505309"/>
</kw>
<kw name="Verificar_Existencia" owner="keywords">
<kw name="Wait Until Page Contains Element" owner="SeleniumLibrary">
<arg>${element}</arg>
<arg>timeout=${timeout}</arg>
<doc>Waits until the element ``locator`` appears on the current page.</doc>
<status status="PASS" start="2026-04-29T11:09:15.845668" elapsed="0.056742"/>
</kw>
<kw name="Wait Until Element Is Visible" owner="SeleniumLibrary">
<arg>${element}</arg>
<arg>timeout=${timeout}</arg>
<doc>Waits until the element ``locator`` is visible.</doc>
<status status="PASS" start="2026-04-29T11:09:15.902652" elapsed="0.249500"/>
</kw>
<arg>${auth_success_msg}</arg>
<arg>5s</arg>
<status status="PASS" start="2026-04-29T11:09:15.845176" elapsed="0.307138"/>
</kw>
<kw name="Page Should Contain" owner="SeleniumLibrary">
<msg time="2026-04-29T11:09:16.284615" level="INFO">Current page contains text 'Congratulations! You must have the proper credentials.'.</msg>
<arg>Congratulations! You must have the proper credentials.</arg>
<doc>Verifies that current page contains ``text``.</doc>
<status status="PASS" start="2026-04-29T11:09:16.170605" elapsed="0.114129"/>
</kw>
<kw name="Close Browser" owner="SeleniumLibrary" type="TEARDOWN">
<doc>Closes the current browser.</doc>
<status status="PASS" start="2026-04-29T11:09:16.298850" elapsed="4.063131"/>
</kw>
<doc>Log in con credenciales válidas (admin/admin)</doc>
<status status="PASS" start="2026-04-29T11:09:09.331511" elapsed="11.030959"/>
</test>
<test id="s1-t2" name="Autenticacion_Invalida" line="19">
<kw name="Go_To_Authenticated_Website" owner="keywords">
<kw name="Open Browser" owner="SeleniumLibrary">
<msg time="2026-04-29T11:09:20.364920" level="INFO">Opening browser 'chrome' to base url 'https://admin1:admin1@the-internet.herokuapp.com/basic_auth'.</msg>
<arg>https://${user}:${password}@${base_url}</arg>
<arg>${browser}</arg>
<doc>Opens a new browser instance to the optional ``url``.</doc>
<status status="PASS" start="2026-04-29T11:09:20.364572" elapsed="1.340789"/>
</kw>
<kw name="Maximize Browser Window" owner="SeleniumLibrary">
<doc>Maximizes current browser window.</doc>
<status status="PASS" start="2026-04-29T11:09:21.705980" elapsed="0.043754"/>
</kw>
<arg>admin1</arg>
<arg>admin1</arg>
<arg>the-internet.herokuapp.com/basic_auth</arg>
<status status="PASS" start="2026-04-29T11:09:20.364022" elapsed="1.385938"/>
</kw>
<kw name="Page Should Not Contain Element" owner="SeleniumLibrary">
<msg time="2026-04-29T11:09:21.778732" level="INFO">Current page does not contain element 'xpath=//p[contains(text(), 'Congratulations')]'.</msg>
<arg>${auth_success_msg}</arg>
<doc>Verifies that element ``locator`` is not found on the current page.</doc>
<status status="PASS" start="2026-04-29T11:09:21.752680" elapsed="0.026218"/>
</kw>
<kw name="Close Browser" owner="SeleniumLibrary" type="TEARDOWN">
<doc>Closes the current browser.</doc>
<status status="PASS" start="2026-04-29T11:09:21.779464" elapsed="2.351355"/>
</kw>
<doc>Log in con credenciales inválidas (admin1/admin1)</doc>
<status status="PASS" start="2026-04-29T11:09:20.363272" elapsed="3.767773"/>
</test>
<status status="PASS" start="2026-04-29T11:09:08.815147" elapsed="15.316687"/>
</suite>
<statistics>
<total>
<stat pass="2" fail="0" skip="0">All Tests</stat>
</total>
<tag>
</tag>
<suite>
<stat name="Autenticacion Basica" id="s1" pass="2" fail="0" skip="0">Autenticacion Basica</stat>
</suite>
</statistics>
<errors>
</errors>
</robot>
